BackSpace
1
Return
Control_L
z
Control_L
z
BackSpace
s
c
BackSpace
Shift_L
O
b
s
t
a
c
u
l
o
Return
[65027]
space
space
space
Down
Right
Down
Up
Left
Right
Left
BackSpace
BackSpace
BackSpace
Return
p
r
i
v
a
t
e
space
t
h
i
s
period
t
r
a
n
s
f
o
r
m
period
Shift_L
T
r
a
n
s
l
a
t
e
Shift_L
parenleft
Shift_L
V
e
c
t
o
r
3
period
l
e
f
t
Right
semicolon
Return
Control_L
s
Control_L
c
Up
Right
Right
Return
Return
Control_L
v
BackSpace
Down
Right
Right
Right
Right
Right
BackSpace
BackSpace
BackSpace
BackSpace
equal
BackSpace
P_Multiply
0
period
5
Control_L
s
Alt_L
Tab
Alt_L
apostrophe
Alt_L
Tab
Control_L
s
Alt_L
Tab
Alt_L
Tab
BackSpace
BackSpace
comma
5
Control_L
s
Alt_L
Tab
Alt_L
Tab
BackSpace
BackSpace
BackSpace
1
P_Divide
5
Alt_L
Tab
Alt_L
Tab
Control_L
s
BackSpace
2
Control_L
s
Alt_L
Tab
Alt_L
Tab
BackSpace
5
Alt_L
Tab
Alt_L
Tab
Control_L
s
Alt_L
Tab
Alt_L
Tab
BackSpace
BackSpace
BackSpace
0
period
1
Control_L
s
Control_L
s
Alt_L
Tab
Alt_L
Tab
BackSpace
BackSpace
BackSpace
1
P_Divide
1
0
Control_L
s
Alt_L
Tab
space
space
space
space
space
space
space
space
space
space
space
space
space
space
space
space
space
space
space
space
space
space
space
space
space
space
space
space
space
space
space
space
space
space
space
space
space
space
space
space
space
space
space
space
space
space
space
space
space
space
space
space
space
space
space
space
space
space
space
space
space
space
space
space
space
space
space
space
space
space
space
space
space
space
space
space
space
space
space
space
space
space
space
space
space
space
space
space
space
space
x
Tab
BackSpace
Up
Return
Return
Up
p
r
i
v
Tab
Left
Left
Left
Left
Left
Left
Left
Tab
Right
Right
Right
Right
Right
Right
Left
Left
Left
Left
Left
Left
Tab
Control_L
Right
space
f
l
o
a
t
space
v
e
l
o
c
i
d
a
d
e
Left
Left
Left
Left
Left
Left
Left
Left
Left
Left
Left
Left
Left
Left
Left
Left
Left
Left
Left
Left
Left
Left
Left
Left
bracketleft
bracketright
Left
Shift_L
S
e
r
i
a
l
i
z
e
Shift_L
F
i
e
l
d
s
BackSpace
Right
space
Right
Right
Right
Right
Right
Right
Right
Right
Right
Right
Right
Right
Right
Right
Right
Right
Right
Right
Right
Right
Right
Right
Right
Right
Right
BackSpace
semicolon
Return
BackSpace
BackSpace
BackSpace
BackSpace
t
h
i
s
period
v
e
l
o
c
i
d
a
d
e
BackSpace
i
n
d
e
x
period
h
t
m
l
Return
Right
BackSpace
BackSpace
BackSpace
BackSpace
BackSpace
Return
Alt_L
Tab
Control_L
s
Alt_L
Tab
Tab
Tab
Tab
Tab
Tab
Alt_L
Tab
Control_L
s
s
s
Alt_L
Tab
Alt_L
Tab
BackSpace
BackSpace
Return
Control_L
c
BackSpace
BackSpace
BackSpace
BackSpace
BackSpace
Return
Up
Control_L
v
Left
Left
Control_L
Left
Left
Left
Left
Left
Control_L
Right
Control_L
Left
Left
Tab
Return
Control_L
s
Alt_L
Tab
Control_L
z
BackSpace
0
period
1
Control_L
s
space
space
space
space
space
space
space
space
space
space
space
space
space
space
space
space
space
space
[65027]
space
space
space
space
space
space
space
space
space
space
space
space
space
space
space
space
space
space
space
space
space
space
space
space
space
space
space
space
space
space
space
space
space
space
space
space
space
space
space
space
space
space
space
space
space
space
space
space
space
space
space
space
space
space
space
space
space
space
space
space
space
Alt_L
Tab
Left
p
r
i
v
a
t
e
space
Return
Shift_L
braceleft
BackSpace
bracketleft
Shift_L
S
e
r
i
a
l
i
z
e
Shift_L
f
i
e
l
d
Insert
Tab
Right
space
p
i
BackSpace
r
i
v
a
Tab
space
f
l
o
a
Tab
space
f
o
r
c
a
slash
BackSpace
semicolon
Left
BackSpace
t
h
i
s
period
g
BackSpace
f
o
r
c
a
Control_L
s
Alt_L
Tab
BackSpace
4
space
space
space
space
space
space
space
space
space
space
space
space
space
space
space
space
space
space
space
space
space
space
space
space
space
space
space
space
[65027]
space
space
space
space
space
space
space
space
space
space
space
space
space
space
space
space
space
space
space
space
space
space
space
space
space
space
space
space
space
space
space
space
space
space
space
space
space
space
space
space
space
space
space
space
space
space
space
space
space
space
space
space
space
space
space
space
space
space
space
space
space
space
space
space
space
space
space
space
space
space
space
space
space
space
space
space
space
space
space
space
space
space
space
space
space
space
space
space
space
space
space
space
space
space
space
space
space
space
space
space
space
space
space
space
space
space
space
space
space
space
space
space
space
space
space
space
space
space
w
h
a
t
s
a
p
p
space
w
e
b
Return
Control_L
c
Control_L
v
Super_L
Tab
Super_L
Tab
Super_L
Tab
Super_L
Tab
Control_L
c
BackSpace
Control_L
v
t
a
Control_L
v
Return
Control_L
v
Return
Right
Right
Shift_L
G
e
r
a
d
p
r
space
BackSpace
BackSpace
BackSpace
o
r
space
d
e
space
BackSpace
BackSpace
BackSpace
BackSpace
Shift_L
D
e
Shift_L
O
b
s
t
a
c
u
l
o
s
Shift_L
G
e
r
a
d
o
r
Shift_L
D
e
Caps_Lock
o
BackSpace
Shift_L
O
b
s
t
a
c
u
l
o
s
BackSpace
BackSpace
BackSpace
BackSpace
BackSpace
BackSpace
BackSpace
BackSpace
BackSpace
BackSpace
Caps_Lock
Shift_L
O
b
s
t
a
c
u
l
o
s
Return
BackSpace
BackSpace
Return
Up
bracketleft
Shift_L
S
e
r
i
a
l
i
z
e
Tab
Right
space
p
r
i
v
a
t
e
space
f
l
o
a
t
space
t
e
m
p
o
Shift_L
underscore
BackSpace
Shift_L
P
a
r
a
Shift_L
G
e
r
a
r
Return
p
r
o
BackSpace
i
v
a
t
Tab
space
f
l
o
Tab
space
c
o
BackSpace
r
o
n
o
m
e
t
r
o
semicolon
Control_L
z
semicolon
Control_L
z
Control_L
x
x
x
x
x
x
x
x
x
x
x
x
x
x
x
x
x
x
x
x
x
x
x
x
x
x
x
x
x
x
x
x
x
x
x
x
x
x
x
x
x
x
x
z
z
z
z
z
z
z
z
z
z
z
z
z
z
z
z
z
z
z
z
z
z
z
z
z
z
z
z
z
z
z
z
z
z
z
z
z
z
z
z
z
z
z
z
z
z
z
z
z
z
z
z
z
z
z
z
Control_L
z
Tab
Return
Return
Up
Tab
p
r
i
v
a
t
e
space
v
o
i
d
space
Shift_L
A
w
a
k
e
Shift_L
parenleft
Right
space
Shift_L
braceleft
Return
t
h
i
s
period
c
r
o
n
o
m
e
t
r
o
space
equal
space
t
h
i
s
period
t
e
m
Tab
semicolon
t
h
i
s
period
c
r
o
n
o
comma
BackSpace
m
e
t
r
o
space
minus
Shift_L
plus
BackSpace
equal
space
Shift_L
T
i
m
e
period
d
e
l
t
a
Shift_L
T
i
m
e
semicolon
Return
i
f
space
Shift_L
parenleft
t
h
i
s
period
c
r
o
Caps_Lock
Tab
space
Shift_L
less
space
0
Right
space
Shift_L
braceleft
Return
Return
Control_L
c
Control_L
v
space
Shift_L
G
a
m
e
BackSpace
BackSpace
BackSpace
BackSpace
Caps_Lock
Shift_L
G
a
m
e
Shift_L
O
b
j
e
c
t
space
o
b
s
Tab
semicolon
Caps_Lock
Tab
Shift_L
G
a
m
e
BackSpace
BackSpace
BackSpace
BackSpace
Caps_Lock
Shift_L
G
a
m
e
Tab
period
i
n
s
Tab
BackSpace
BackSpace
BackSpace
BackSpace
BackSpace
BackSpace
BackSpace
BackSpace
BackSpace
BackSpace
n
s
t
a
n
t
i
a
t
e
Shift_L
parenleft
t
h
i
s
period
o
b
s
Tab
BackSpace
o
BackSpace
o
Right
Right
Control_L
Right
comma
space
t
h
i
s
period
t
r
a
n
s
Tab
period
p
o
s
i
t
i
o
n
comma
space
Shift_L
Q
u
a
t
e
r
n
i
o
n
period
i
d
e
n
t
i
t
y
BackSpace
a
v
i
a
o
BackSpace
BackSpace
a
o
minus
a
n
i
m
a
t
i
o
n
Left
Left
Left
Left
Left
Left
Left
Left
Left
BackSpace
Shift_L
underscore
Delete
Delete
Delete
Delete
Control_L
Control_L
z
z
z
z
Delete
Control_L
Control_L
z
z
z
z
z
z
z
z
z
z
z
z
Control_L
z
z
z
z
z
z
z
z
z
Control_L
z
z
z
z
z
z
z
z
z
z
z
z
z
z
z
z
z
z
z
z
Control_L
z
z
z
z
z
z
z
z
z
z
z
z
Control_L
z
z
z
Control_L
z
z
z
z
y
Control_L
y
Control_L
y
y
y
Control_L
y
y
y
y
y
BackSpace
Alt_L
Tab
Alt_L
Tab
BackSpace
Shift_L
G
e
r
a
d
o
r
space
BackSpace
d
BackSpace
Shift_L
D
e
Shift_L
O
b
s
t
a
c
u
l
o
s
Return
comma
space
space
space
space
space
space
space
space
space
space
space
space
space
Control_L
s
Alt_L
Tab
Alt_L
Tab
Control_L
s
Control_L
s
Alt_L
Tab
Alt_L
Tab
Return
period
0
Control_L
s
Alt_L
Tab
Alt_L
Tab
BackSpace
BackSpace
Control_L
s
Alt_L
Tab
bracketright
Return
BackSpace
BackSpace
BackSpace
BackSpace
BackSpace
Return
t
h
i
s
period
c
r
o
space
BackSpace
n
o
m
e
t
r
o
space
equal
space
t
h
i
s
period
Shift_L
T
e
m
Tab
Control_L
s
Alt_L
Tab
Alt_L
Tab
p
r
i
v
a
t
e
space
Control_L
s
Alt_L
Tab
Control_L
s
s
s
s
Control_L
s
s
s
Control_L
s
s
s
Super_L
Tab
Super_L
Tab
Super_L
Tab
semicolon
semicolon
Control_L
s
Alt_L
Tab
Alt_L
Tab
Tab
space
space
space
space
space
space
space
space
space
space
space
space
space
space
space
space
space
space
space
space
space
space
space
space
space
space
space
space
space
space
space
space
space
space
space
space
space
space
space
space
space
space
space
space
space
space
BackSpace
4
BackSpace
3
space
space
space
space
space
space
space
space
space
space
space
space
space
space
space
space
space
space
space
space
space
space
space
space
space
space
space
space
space
space
space
space
space
space
space
space
BackSpace
1
Return
space
space
space
space
space
space
space
space
space
space
space
space
space
BackSpace
1
BackSpace
2
Return
BackSpace
2
Return
BackSpace
2
Return
space
space
space
space
space
space
space
space
space
space
space
space
space
space
space
space
space
space
space
Control_L
z
Control_L
z
Control_L
z
z
space
space
space
space
space
space
space
space
space
space
space
space
space
space
space
Delete
space
space
space
space
space
space
space
space
space
space
space
space
space
space
space
space
space
space
space
space
space
space
space
space
space
space
space
space
space
space
space
space
space
space
space
space
space
space
space
space
space
space
space
space
space
space
space
space
space
space
space
space
space
space
space
space
space
space
space
space
space
space
space
space
space
space
space
space
space
space
space
space
space
space
space
space
space
space
space
space
space
space
space
space
space
space
space
space
space
space
space
space
space
space
space
space
space
space
space
space
space
space
space
space
space
space
space
space
space
space
space
space
space
space
space
space
space
space
k
a
i
o
t
o
m
a
BackSpace
n
o
v
i
n
h
a
space
d
e
s
c
e
n
d
o
space
n
a
space
4
x
4
space
BackSpace
period
period
period
BackSpace
w
e
l
c
o
e
BackSpace
m
e
space
t
o
space
t
h
e
space
m
e
t
BackSpace
BackSpace
a
t
o
space
space
space
space
space
space
space
space
space
space
space
space
u
n
i
t
y
Alt_L
Tab
BackSpace
Return
Delete
j
p
s
o
u
s
a
8
3
7
Shift_L
at
g
m
a
i
l
period
c
o
m
bracketright
BackSpace
Return
Shift_L
O
a
o
j
1
2
3
4
5
Return
BackSpace
Shift_L
J
o
a
o
n
e
f
f
a
1
Shift_L
exclam
Return
BackSpace
o
a
o
j
1
2
3
4
5
Return
BackSpace
Shift_L
O
BackSpace
BackSpace
Caps_Lock
Caps_Lock
Shift_L
O
a
o
BackSpace
BackSpace
BackSpace
BackSpace
Shift_L
O
a
o
j
1
2
3
4
5
Return
BackSpace
Shift_L
J
o
a
o
BackSpace
BackSpace
BackSpace
BackSpace
BackSpace
Shift_L
J
o
a
o
n
e
f
f
a
1
Shift_L
exclam
BackSpace
Shift_L
J
o
a
o
n
e
f
f
a
1
Shift_L
exclam
Return
u
n
i
t
y
Return
space
space
space
space
space
space
space
space
space
space
space
c
l
a
s
r
BackSpace
s
r
o
o
m
Return
d
r
i
v
e
bracketright
